<?xml version="1.0" encoding="UTF-8"?>
<!-- Generated by org.testng.reporters.JUnitReportReporter -->
<testsuite skipped="0" hostname="LAPTOP-NCMTQCEJ" name="testCases.LoginPageTestCases" tests="2" failures="0" timestamp="2022-04-28T04:46:56 IST" time="13.450" errors="0">
  <testcase name="verifyLoginButtonText" time="7.756" classname="testCases.LoginPageTestCases"/>
  <system-out/>
  <testcase name="verifyInvalidUser" time="5.694" classname="testCases.LoginPageTestCases"/>
  <system-out/>
</testsuite> <!-- testCases.LoginPageTestCases -->
