<?xml version="1.0" encoding="UTF-8"?>
<!-- Generated by org.testng.reporters.JUnitReportReporter -->
<testsuite skipped="0" hostname="LAPTOP-NCMTQCEJ" name="testCases.HomePageTestCases" tests="3" failures="0" timestamp="2022-04-27T11:53:35 IST" time="22.332" errors="0">
  <testcase name="verifyTotalNumberOfDashboardItems" time="8.157" classname="testCases.HomePageTestCases"/>
  <system-out/>
  <testcase name="verifyManagePagesMoreInfoLink" time="7.511" classname="testCases.HomePageTestCases"/>
  <system-out/>
  <testcase name="verifyLoginUserNameTC" time="6.664" classname="testCases.HomePageTestCases"/>
  <system-out/>
</testsuite> <!-- testCases.HomePageTestCases -->
