<?xml version="1.0" encoding="UTF-8"?>
<!-- Generated by org.testng.reporters.JUnitReportReporter -->
<testsuite skipped="0" hostname="LAPTOP-NCMTQCEJ" name="testCases.LoginPageTestCases" tests="1" failures="0" timestamp="2022-04-27T03:44:39 IST" time="8.931" errors="0">
  <testcase name="verifyInvalidUser" time="8.931" classname="testCases.LoginPageTestCases"/>
  <system-out/>
</testsuite> <!-- testCases.LoginPageTestCases -->
