<?xml version="1.0" encoding="UTF-8"?>
<!-- Generated by org.testng.reporters.JUnitReportReporter -->
<testsuite skipped="0" hostname="LAPTOP-NCMTQCEJ" name="testCases.HomePageTestCases" tests="3" failures="0" timestamp="2022-04-28T04:41:30 IST" time="25.310" errors="0">
  <testcase name="verifyManagePagesMoreInfoLink" time="7.720" classname="testCases.HomePageTestCases"/>
  <system-out/>
  <testcase name="verifyTotalNumberOfDashboardItems" time="10.607" classname="testCases.HomePageTestCases"/>
  <system-out/>
  <testcase name="verifyLoginUserNameTC" time="6.983" classname="testCases.HomePageTestCases"/>
  <system-out/>
</testsuite> <!-- testCases.HomePageTestCases -->
