<?xml version="1.0" encoding="UTF-8"?>
<!-- Generated by org.testng.reporters.JUnitReportReporter -->
<testsuite skipped="0" hostname="LAPTOP-NCMTQCEJ" name="testCases.HomePageTestCases" tests="3" failures="0" timestamp="2022-04-28T00:32:11 IST" time="21.916" errors="0">
  <testcase name="verifyLoginUserNameTC" time="6.910" classname="testCases.HomePageTestCases"/>
  <system-out/>
  <testcase name="verifyTotalNumberOfDashboardItems" time="5.691" classname="testCases.HomePageTestCases"/>
  <system-out/>
  <testcase name="verifyManagePagesMoreInfoLink" time="9.315" classname="testCases.HomePageTestCases"/>
  <system-out/>
</testsuite> <!-- testCases.HomePageTestCases -->
