<?xml version="1.0" encoding="UTF-8"?>
<!-- Generated by org.testng.reporters.JUnitReportReporter -->
<testsuite skipped="0" hostname="LAPTOP-NCMTQCEJ" name="testCases.LoginPageTestCases" tests="1" failures="0" timestamp="2022-04-28T00:31:27 IST" time="7.042" errors="0">
  <testcase name="verifyLoginButtonText" time="7.042" classname="testCases.LoginPageTestCases"/>
  <system-out/>
</testsuite> <!-- testCases.LoginPageTestCases -->
