<?xml version="1.0" encoding="UTF-8"?>
<!-- Generated by org.testng.reporters.JUnitReportReporter -->
<testsuite skipped="0" hostname="LAPTOP-NCMTQCEJ" name="testCases.LoginPageTestCases" tests="1" failures="0" timestamp="2022-04-28T04:54:04 IST" time="9.283" errors="0">
  <testcase name="verifyLoginButtonText" time="9.283" classname="testCases.LoginPageTestCases"/>
  <system-out/>
</testsuite> <!-- testCases.LoginPageTestCases -->
