<?xml version="1.0" encoding="UTF-8"?>
<!-- Generated by org.testng.reporters.JUnitReportReporter -->
<testsuite skipped="0" hostname="LAPTOP-NCMTQCEJ" name="testCases.HomePageTestCases" tests="3" failures="0" timestamp="2022-04-28T04:54:52 IST" time="25.597" errors="0">
  <testcase name="verifyTotalNumberOfDashboardItems" time="6.407" classname="testCases.HomePageTestCases"/>
  <system-out/>
  <testcase name="verifyManagePagesMoreInfoLink" time="11.068" classname="testCases.HomePageTestCases"/>
  <system-out/>
  <testcase name="verifyLoginUserNameTC" time="8.122" classname="testCases.HomePageTestCases"/>
  <system-out/>
</testsuite> <!-- testCases.HomePageTestCases -->
